# JRE version: OpenJDK Runtime Environment Temurin-21.0.9+10 (21.0.9+10) (build 21.0.9+10-LTS)
# Java VM: OpenJDK 64-Bit Server VM Temurin-21.0.9+10 (21.0.9+10-LTS, mixed mode, emulated-client, sharing, tiered, compressed oops, compressed class ptrs, g1 gc, windows-amd64)
GC Precious Log:
 CardTable entry size: 512
 Card Set container configuration: InlinePtr #cards 5 size 8 Array Of Cards #cards 12 size 40 Howl #buckets 4 coarsen threshold 1843 Howl Bitmap #cards 512 size 80 coarsen threshold 460 Card regions per heap region 1 cards per card region 2048
 CPUs: 4 total, 4 available
 Memory: 8067M
 Large Page Support: Disabled
 NUMA Support: Disabled
 Compressed Oops: Enabled (32-bit)
 Heap Region Size: 1M
 Heap Min Capacity: 8M
 Heap Initial Capacity: 128M
 Heap Max Capacity: 1G
 Pre-touch: Disabled
 Parallel Workers: 4
 Concurrent Workers: 1
 Concurrent Refinement Workers: 4
 Periodic GC: Disabled
Heap:
 garbage-first heap   total 86016K, used 38665K [0x00000000c0000000, 0x0000000100000000)
  region size 1024K, 1 young (1024K), 0 survivors (0K)
 Metaspace       used 55344K, committed 56064K, reserved 1114112K
  class space    used 6917K, committed 7232K, reserved 1048576K
GC Heap History (20 events):
Event: 1574.405 GC heap after
{Heap after GC invocations=123 (full 76):
 garbage-first heap   total 86016K, used 38665K [0x00000000c0000000, 0x0000000100000000)
  region size 1024K, 0 young (0K), 0 survivors (0K)
 Metaspace       used 55344K, committed 56064K, reserved 1114112K
  class space    used 6917K, committed 7232K, reserved 1048576K
}
Event: 1586.415 GC heap before
{Heap before GC invocations=123 (full 76):
 garbage-first heap   total 86016K, used 38665K [0x00000000c0000000, 0x0000000100000000)
  region size 1024K, 1 young (1024K), 0 survivors (0K)
 Metaspace       used 55344K, committed 56064K, reserved 1114112K
  class space    used 6917K, committed 7232K, reserved 1048576K
}
Event: 1586.484 GC heap after
{Heap after GC invocations=124 (full 77):
 garbage-first heap   total 86016K, used 38665K [0x00000000c0000000, 0x0000000100000000)
  region size 1024K, 0 young (0K), 0 survivors (0K)
 Metaspace       used 55344K, committed 56064K, reserved 1114112K
  class space    used 6917K, committed 7232K, reserved 1048576K
}
Event: 1596.718 GC heap before
{Heap before GC invocations=124 (full 77):
 garbage-first heap   total 86016K, used 38665K [0x00000000c0000000, 0x0000000100000000)
  region size 1024K, 1 young (1024K), 0 survivors (0K)
 Metaspace       used 55344K, committed 56064K, reserved 1114112K
  class space    used 6917K, committed 7232K, reserved 1048576K
}
Event: 1596.782 GC heap after
{Heap after GC invocations=125 (full 78):
 garbage-first heap   total 86016K, used 38665K [0x00000000c0000000, 0x0000000100000000)
  region size 1024K, 0 young (0K), 0 survivors (0K)
 Metaspace       used 55344K, committed 56064K, reserved 1114112K
  class space    used 6917K, committed 7232K, reserved 1048576K
}
Event: 1607.208 GC heap before
{Heap before GC invocations=125 (full 78):
 garbage-first heap   total 86016K, used 38665K [0x00000000c0000000, 0x0000000100000000)
  region size 1024K, 1 young (1024K), 0 survivors (0K)
 Metaspace       used 55344K, committed 56064K, reserved 1114112K
  class space    used 6917K, committed 7232K, reserved 1048576K
}
Event: 1607.269 GC heap after
{Heap after GC invocations=126 (full 79):
 garbage-first heap   total 86016K, used 38665K [0x00000000c0000000, 0x0000000100000000)
  region size 1024K, 0 young (0K), 0 survivors (0K)
 Metaspace       used 55344K, committed 56064K, reserved 1114112K
  class space    used 6917K, committed 7232K, reserved 1048576K
}
Event: 1617.604 GC heap before
{Heap before GC invocations=126 (full 79):
 garbage-first heap   total 86016K, used 38665K [0x00000000c0000000, 0x0000000100000000)
  region size 1024K, 1 young (1024K), 0 survivors (0K)
 Metaspace       used 55344K, committed 56064K, reserved 1114112K
  class space    used 6917K, committed 7232K, reserved 1048576K
}
Event: 1617.664 GC heap after
{Heap after GC invocations=127 (full 80):
 garbage-first heap   total 86016K, used 38665K [0x00000000c0000000, 0x0000000100000000)
  region size 1024K, 0 young (0K), 0 survivors (0K)
 Metaspace       used 55344K, committed 56064K, reserved 1114112K
  class space    used 6917K, committed 7232K, reserved 1048576K
}
Event: 1628.210 GC heap before
{Heap before GC invocations=127 (full 80):
 garbage-first heap   total 86016K, used 38665K [0x00000000c0000000, 0x0000000100000000)
  region size 1024K, 1 young (1024K), 0 survivors (0K)
 Metaspace       used 55344K, committed 56064K, reserved 1114112K
  class space    used 6917K, committed 7232K, reserved 1048576K
}
Event: 1628.272 GC heap after
{Heap after GC invocations=128 (full 81):
 garbage-first heap   total 86016K, used 38665K [0x00000000c0000000, 0x0000000100000000)
  region size 1024K, 0 young (0K), 0 survivors (0K)
 Metaspace       used 55344K, committed 56064K, reserved 1114112K
  class space    used 6917K, committed 7232K, reserved 1048576K
}
Event: 1638.545 GC heap before
{Heap before GC invocations=128 (full 81):
 garbage-first heap   total 86016K, used 38665K [0x00000000c0000000, 0x0000000100000000)
  region size 1024K, 1 young (1024K), 0 survivors (0K)
 Metaspace       used 55344K, committed 56064K, reserved 1114112K
  class space    used 6917K, committed 7232K, reserved 1048576K
}
Event: 1638.600 GC heap after
{Heap after GC invocations=129 (full 82):
 garbage-first heap   total 86016K, used 38665K [0x00000000c0000000, 0x0000000100000000)
  region size 1024K, 0 young (0K), 0 survivors (0K)
 Metaspace       used 55344K, committed 56064K, reserved 1114112K
  class space    used 6917K, committed 7232K, reserved 1048576K
}
Event: 1648.815 GC heap before
{Heap before GC invocations=129 (full 82):
 garbage-first heap   total 86016K, used 38665K [0x00000000c0000000, 0x0000000100000000)
  region size 1024K, 1 young (1024K), 0 survivors (0K)
 Metaspace       used 55344K, committed 56064K, reserved 1114112K
  class space    used 6917K, committed 7232K, reserved 1048576K
}
Event: 1648.875 GC heap after
{Heap after GC invocations=130 (full 83):
 garbage-first heap   total 86016K, used 38665K [0x00000000c0000000, 0x0000000100000000)
  region size 1024K, 0 young (0K), 0 survivors (0K)
 Metaspace       used 55344K, committed 56064K, reserved 1114112K
  class space    used 6917K, committed 7232K, reserved 1048576K
}
Event: 1662.799 GC heap before
{Heap before GC invocations=130 (full 83):
 garbage-first heap   total 86016K, used 38665K [0x00000000c0000000, 0x0000000100000000)
  region size 1024K, 1 young (1024K), 0 survivors (0K)
 Metaspace       used 55344K, committed 56064K, reserved 1114112K
  class space    used 6917K, committed 7232K, reserved 1048576K
}
Event: 1662.862 GC heap after
{Heap after GC invocations=131 (full 84):
 garbage-first heap   total 86016K, used 38665K [0x00000000c0000000, 0x0000000100000000)
  region size 1024K, 0 young (0K), 0 survivors (0K)
 Metaspace       used 55344K, committed 56064K, reserved 1114112K
  class space    used 6917K, committed 7232K, reserved 1048576K
}
Event: 1673.190 GC heap before
{Heap before GC invocations=131 (full 84):
 garbage-first heap   total 86016K, used 38665K [0x00000000c0000000, 0x0000000100000000)
  region size 1024K, 1 young (1024K), 0 survivors (0K)
 Metaspace       used 55344K, committed 56064K, reserved 1114112K
  class space    used 6917K, committed 7232K, reserved 1048576K
}
Event: 1673.265 GC heap after
{Heap after GC invocations=132 (full 85):
 garbage-first heap   total 86016K, used 38665K [0x00000000c0000000, 0x0000000100000000)
  region size 1024K, 0 young (0K), 0 survivors (0K)
 Metaspace       used 55344K, committed 56064K, reserved 1114112K
  class space    used 6917K, committed 7232K, reserved 1048576K
}
Event: 1683.535 GC heap before
{Heap before GC invocations=132 (full 85):
 garbage-first heap   total 86016K, used 38665K [0x00000000c0000000, 0x0000000100000000)
  region size 1024K, 1 young (1024K), 0 survivors (0K)
 Metaspace       used 55344K, committed 56064K, reserved 1114112K
  class space    used 6917K, committed 7232K, reserved 1048576K
}

